<?xml version="1.0" encoding="UTF-8"?>
<testsuite xmlns:xsi="http://www.w3.org/2001/XMLSchema-instance" xsi:noNamespaceSchemaLocation="https://maven.apache.org/surefire/maven-surefire-plugin/xsd/surefire-test-report.xsd" name="priv.rain00.test.Test" time="1.668" tests="2" errors="0" skipped="0" failures="0">
  <properties>
[...]
</properties>
  <testcase name="test01" classname="priv.rain00.test.Test" time="0.738"/>
  <testcase name="test02" classname="priv.rain00.test.Test" time="0.926"/>
</testsuite>